<?xml version="1.0" encoding="UTF-8"?>
<coverage generated="1707615064346" clover="3.2.0">
  <project timestamp="1707615064346" name="All files">
    <metrics statements="15" coveredstatements="15" conditionals="12" coveredconditionals="10" methods="5" coveredmethods="5" elements="32" coveredelements="30" complexity="0" loc="15" ncloc="15" packages="2" files="2" classes="2"/>
    <package name="13 - easy">
      <metrics statements="12" coveredstatements="12" conditionals="12" coveredconditionals="10" methods="3" coveredmethods="3"/>
      <file name="romanToInt.ts" path="C:\Users\ilyaa\Documents\GitHub\imaronov\LeetCode\src\13 - easy\romanToInt.ts">
        <metrics statements="12" coveredstatements="12" conditionals="12" coveredconditionals="10" methods="3" coveredmethods="3"/>
        <line num="1" count="1" type="stmt"/>
        <line num="2" count="4" type="stmt"/>
        <line num="12" count="4" type="stmt"/>
        <line num="13" count="164" type="cond" truecount="6" falsecount="2"/>
        <line num="15" count="4" type="stmt"/>
        <line num="16" count="4" type="stmt"/>
        <line num="17" count="17" type="stmt"/>
        <line num="18" count="17" type="stmt"/>
        <line num="20" count="17" type="cond" truecount="4" falsecount="0"/>
        <line num="21" count="4" type="stmt"/>
        <line num="23" count="13" type="stmt"/>
        <line num="27" count="4" type="stmt"/>
      </file>
    </package>
    <package name="util">
      <metrics statements="3" coveredstatements="3" conditionals="0" coveredconditionals="0" methods="2" coveredmethods="2"/>
      <file name="test.util.ts" path="C:\Users\ilyaa\Documents\GitHub\imaronov\LeetCode\src\util\test.util.ts">
        <metrics statements="3" coveredstatements="3" conditionals="0" coveredconditionals="0" methods="2" coveredmethods="2"/>
        <line num="1" count="1" type="stmt"/>
        <line num="7" count="4" type="stmt"/>
        <line num="8" count="4" type="stmt"/>
      </file>
    </package>
  </project>
</coverage>
