{"C:\\Users\\ilyaa\\Documents\\GitHub\\imaronov\\LeetCode\\src\\13 - easy\\romanToInt.ts": {"path":"C:\\Users\\ilyaa\\Documents\\GitHub\\imaronov\\LeetCode\\src\\13 - easy\\romanToInt.ts","statementMap":{"0":{"start":{"line":2,"column":20},"end":{"line":10,"column":3}},"1":{"start":{"line":12,"column":18},"end":{"line":13,"column":58}},"2":{"start":{"line":13,"column":2},"end":{"line":13,"column":58}},"3":{"start":{"line":13,"column":28},"end":{"line":13,"column":44}},"4":{"start":{"line":15,"column":13},"end":{"line":15,"column":14}},"5":{"start":{"line":16,"column":1},"end":{"line":25,"column":2}},"6":{"start":{"line":16,"column":14},"end":{"line":16,"column":15}},"7":{"start":{"line":17,"column":14},"end":{"line":17,"column":18}},"8":{"start":{"line":18,"column":19},"end":{"line":18,"column":32}},"9":{"start":{"line":20,"column":2},"end":{"line":24,"column":3}},"10":{"start":{"line":21,"column":3},"end":{"line":21,"column":34}},"11":{"start":{"line":23,"column":3},"end":{"line":23,"column":34}},"12":{"start":{"line":27,"column":1},"end":{"line":27,"column":14}},"13":{"start":{"line":1,"column":0},"end":{"line":1,"column":16}}},"fnMap":{"0":{"name":"romanToInt","decl":{"start":{"line":1,"column":16},"end":{"line":1,"column":26}},"loc":{"start":{"line":1,"column":36},"end":{"line":28,"column":1}}},"1":{"name":"(anonymous_1)","decl":{"start":{"line":12,"column":18},"end":{"line":12,"column":19}},"loc":{"start":{"line":12,"column":34},"end":{"line":13,"column":58}}},"2":{"name":"(anonymous_2)","decl":{"start":{"line":13,"column":18},"end":{"line":13,"column":19}},"loc":{"start":{"line":13,"column":28},"end":{"line":13,"column":44}}}},"branchMap":{"0":{"loc":{"start":{"line":13,"column":2},"end":{"line":13,"column":57}},"type":"cond-expr","locations":[{"start":{"line":13,"column":52},"end":{"line":13,"column":56}},{"start":{"line":13,"column":56},"end":{"line":13,"column":57}}]},"1":{"loc":{"start":{"line":13,"column":2},"end":{"line":13,"column":56}},"type":"binary-expr","locations":[{"start":{"line":13,"column":2},"end":{"line":13,"column":56}},{"start":{"line":13,"column":52},"end":{"line":13,"column":56}}]},"2":{"loc":{"start":{"line":13,"column":2},"end":{"line":13,"column":52}},"type":"cond-expr","locations":[{"start":{"line":13,"column":45},"end":{"line":13,"column":47}},{"start":{"line":13,"column":45},"end":{"line":13,"column":52}}]},"3":{"loc":{"start":{"line":13,"column":2},"end":{"line":13,"column":47}},"type":"binary-expr","locations":[{"start":{"line":13,"column":2},"end":{"line":13,"column":47}},{"start":{"line":13,"column":45},"end":{"line":13,"column":47}}]},"4":{"loc":{"start":{"line":20,"column":2},"end":{"line":24,"column":3}},"type":"if","locations":[{"start":{"line":20,"column":2},"end":{"line":24,"column":3}},{"start":{"line":22,"column":9},"end":{"line":24,"column":3}}]},"5":{"loc":{"start":{"line":20,"column":6},"end":{"line":20,"column":61}},"type":"binary-expr","locations":[{"start":{"line":20,"column":6},"end":{"line":20,"column":22}},{"start":{"line":20,"column":26},"end":{"line":20,"column":61}}]}},"s":{"0":4,"1":4,"2":60,"3":164,"4":4,"5":4,"6":4,"7":17,"8":17,"9":17,"10":4,"11":13,"12":4,"13":1},"f":{"0":4,"1":60,"2":164},"b":{"0":[60,0],"1":[60,60],"2":[0,60],"3":[60,60],"4":[4,13],"5":[17,13]}}
,"C:\\Users\\ilyaa\\Documents\\GitHub\\imaronov\\LeetCode\\src\\util\\test.util.ts": {"path":"C:\\Users\\ilyaa\\Documents\\GitHub\\imaronov\\LeetCode\\src\\util\\test.util.ts","statementMap":{"0":{"start":{"line":1,"column":28},"end":{"line":10,"column":1}},"1":{"start":{"line":7,"column":1},"end":{"line":9,"column":4}},"2":{"start":{"line":8,"column":2},"end":{"line":8,"column":33}},"3":{"start":{"line":1,"column":13},"end":{"line":1,"column":28}}},"fnMap":{"0":{"name":"(anonymous_0)","decl":{"start":{"line":1,"column":28},"end":{"line":1,"column":null}},"loc":{"start":{"line":6,"column":4},"end":{"line":10,"column":1}}},"1":{"name":"(anonymous_1)","decl":{"start":{"line":7,"column":52},"end":{"line":7,"column":55}},"loc":{"start":{"line":7,"column":57},"end":{"line":9,"column":2}}}},"branchMap":{},"s":{"0":1,"1":4,"2":4,"3":1},"f":{"0":4,"1":4},"b":{}}
}
