{"C:\\Users\\ilyaa\\Documents\\GitHub\\imaronov\\LeetCode\\src\\13 - easy\\romanToInt.ts": {"path":"C:\\Users\\ilyaa\\Documents\\GitHub\\imaronov\\LeetCode\\src\\13 - easy\\romanToInt.ts","statementMap":{"0":{"start":{"line":2,"column":16},"end":{"line":14,"column":3}},"1":{"start":{"line":16,"column":13},"end":{"line":16,"column":14}},"2":{"start":{"line":17,"column":1},"end":{"line":22,"column":4}},"3":{"start":{"line":18,"column":2},"end":{"line":21,"column":3}},"4":{"start":{"line":19,"column":3},"end":{"line":19,"column":25}},"5":{"start":{"line":20,"column":3},"end":{"line":20,"column":33}},"6":{"start":{"line":24,"column":1},"end":{"line":24,"column":14}},"7":{"start":{"line":1,"column":0},"end":{"line":1,"column":16}}},"fnMap":{"0":{"name":"romanToInt","decl":{"start":{"line":1,"column":16},"end":{"line":1,"column":26}},"loc":{"start":{"line":1,"column":36},"end":{"line":25,"column":1}}},"1":{"name":"(anonymous_1)","decl":{"start":{"line":17,"column":32},"end":{"line":17,"column":33}},"loc":{"start":{"line":17,"column":49},"end":{"line":22,"column":2}}}},"branchMap":{"0":{"loc":{"start":{"line":18,"column":2},"end":{"line":21,"column":3}},"type":"if","locations":[{"start":{"line":18,"column":2},"end":{"line":21,"column":3}}]}},"s":{"0":3,"1":3,"2":3,"3":33,"4":8,"5":8,"6":3,"7":1},"f":{"0":3,"1":33},"b":{"0":[8]}}
,"C:\\Users\\ilyaa\\Documents\\GitHub\\imaronov\\LeetCode\\src\\util\\test.util.ts": {"path":"C:\\Users\\ilyaa\\Documents\\GitHub\\imaronov\\LeetCode\\src\\util\\test.util.ts","statementMap":{"0":{"start":{"line":1,"column":28},"end":{"line":10,"column":1}},"1":{"start":{"line":7,"column":1},"end":{"line":9,"column":4}},"2":{"start":{"line":8,"column":2},"end":{"line":8,"column":33}},"3":{"start":{"line":1,"column":13},"end":{"line":1,"column":28}}},"fnMap":{"0":{"name":"(anonymous_0)","decl":{"start":{"line":1,"column":28},"end":{"line":1,"column":null}},"loc":{"start":{"line":6,"column":4},"end":{"line":10,"column":1}}},"1":{"name":"(anonymous_1)","decl":{"start":{"line":7,"column":52},"end":{"line":7,"column":55}},"loc":{"start":{"line":7,"column":57},"end":{"line":9,"column":2}}}},"branchMap":{},"s":{"0":1,"1":3,"2":3,"3":1},"f":{"0":3,"1":3},"b":{}}
}
