TN:
SF:src\13 - easy\romanToInt.ts
FN:1,romanToInt
FN:12,(anonymous_1)
FN:13,(anonymous_2)
FNF:3
FNH:3
FNDA:4,romanToInt
FNDA:60,(anonymous_1)
FNDA:164,(anonymous_2)
DA:1,1
DA:2,4
DA:12,4
DA:13,164
DA:15,4
DA:16,4
DA:17,17
DA:18,17
DA:20,17
DA:21,4
DA:23,13
DA:27,4
LF:12
LH:12
BRDA:13,0,0,60
BRDA:13,0,1,0
BRDA:13,1,0,60
BRDA:13,1,1,60
BRDA:13,2,0,0
BRDA:13,2,1,60
BRDA:13,3,0,60
BRDA:13,3,1,60
BRDA:20,4,0,4
BRDA:20,4,1,13
BRDA:20,5,0,17
BRDA:20,5,1,13
BRF:12
BRH:10
end_of_record
TN:
SF:src\util\test.util.ts
FN:1,(anonymous_0)
FN:7,(anonymous_1)
FNF:2
FNH:2
FNDA:4,(anonymous_0)
FNDA:4,(anonymous_1)
DA:1,1
DA:7,4
DA:8,4
LF:3
LH:3
BRF:0
BRH:0
end_of_record
